# JRE version: OpenJDK Runtime Environment (8.0_152-b01) (build 1.8.0_152-release-915-b01)
# Java VM: OpenJDK 64-Bit Server VM (25.152-b01 mixed mode windows-amd64 compressed oops)
Heap:
 PSYoungGen      total 243712K, used 54121K [0x00000000e0000000, 0x00000000f0c80000, 0x0000000100000000)
  eden space 212480K, 21% used [0x00000000e0000000,0x00000000e2d6a778,0x00000000ecf80000)
  from space 31232K, 24% used [0x00000000ecf80000,0x00000000ed6f0080,0x00000000eee00000)
  to   space 29696K, 0% used [0x00000000eef80000,0x00000000eef80000,0x00000000f0c80000)
 ParOldGen       total 162304K, used 86347K [0x00000000a0000000, 0x00000000a9e80000, 0x00000000e0000000)
  object space 162304K, 53% used [0x00000000a0000000,0x00000000a5452c98,0x00000000a9e80000)
 Metaspace       used 76510K, capacity 80448K, committed 80768K, reserved 1120256K
  class space    used 9842K, capacity 10778K, committed 10880K, reserved 1048576K
GC Heap History (10 events):
Event: 563.829 GC heap before
{Heap before GC invocations=27 (full 3):
 PSYoungGen      total 243712K, used 230097K [0x00000000e0000000, 0x00000000f0c80000, 0x0000000100000000)
  eden space 212480K, 100% used [0x00000000e0000000,0x00000000ecf80000,0x00000000ecf80000)
  from space 31232K, 56% used [0x00000000ecf80000,0x00000000ee0b4638,0x00000000eee00000)
  to   space 29696K, 0% used [0x00000000eef80000,0x00000000eef80000,0x00000000f0c80000)
 ParOldGen       total 162304K, used 61120K [0x00000000a0000000, 0x00000000a9e80000, 0x00000000e0000000)
  object space 162304K, 37% used [0x00000000a0000000,0x00000000a3bb0390,0x00000000a9e80000)
 Metaspace       used 76459K, capacity 80288K, committed 80384K, reserved 1118208K
  class space    used 9840K, capacity 10746K, committed 10752K, reserved 1048576K
Event: 563.852 GC heap after
Heap after GC invocations=27 (full 3):
 PSYoungGen      total 242176K, used 14849K [0x00000000e0000000, 0x00000000f0c80000, 0x0000000100000000)
  eden space 212480K, 0% used [0x00000000e0000000,0x00000000e0000000,0x00000000ecf80000)
  from space 29696K, 50% used [0x00000000eef80000,0x00000000efe00668,0x00000000f0c80000)
  to   space 31232K, 0% used [0x00000000ecf80000,0x00000000ecf80000,0x00000000eee00000)
 ParOldGen       total 162304K, used 66457K [0x00000000a0000000, 0x00000000a9e80000, 0x00000000e0000000)
  object space 162304K, 40% used [0x00000000a0000000,0x00000000a40e6460,0x00000000a9e80000)
 Metaspace       used 76459K, capacity 80288K, committed 80384K, reserved 1118208K
  class space    used 9840K, capacity 10746K, committed 10752K, reserved 1048576K
}
Event: 564.280 GC heap before
{Heap before GC invocations=28 (full 3):
 PSYoungGen      total 242176K, used 227329K [0x00000000e0000000, 0x00000000f0c80000, 0x0000000100000000)
  eden space 212480K, 100% used [0x00000000e0000000,0x00000000ecf80000,0x00000000ecf80000)
  from space 29696K, 50% used [0x00000000eef80000,0x00000000efe00668,0x00000000f0c80000)
  to   space 31232K, 0% used [0x00000000ecf80000,0x00000000ecf80000,0x00000000eee00000)
 ParOldGen       total 162304K, used 66457K [0x00000000a0000000, 0x00000000a9e80000, 0x00000000e0000000)
  object space 162304K, 40% used [0x00000000a0000000,0x00000000a40e6460,0x00000000a9e80000)
 Metaspace       used 76473K, capacity 80288K, committed 80384K, reserved 1118208K
  class space    used 9840K, capacity 10746K, committed 10752K, reserved 1048576K
Event: 564.298 GC heap after
Heap after GC invocations=28 (full 3):
 PSYoungGen      total 243712K, used 11040K [0x00000000e0000000, 0x00000000f0c80000, 0x0000000100000000)
  eden space 212480K, 0% used [0x00000000e0000000,0x00000000e0000000,0x00000000ecf80000)
  from space 31232K, 35% used [0x00000000ecf80000,0x00000000eda48090,0x00000000eee00000)
  to   space 29696K, 0% used [0x00000000eef80000,0x00000000eef80000,0x00000000f0c80000)
 ParOldGen       total 162304K, used 70339K [0x00000000a0000000, 0x00000000a9e80000, 0x00000000e0000000)
  object space 162304K, 43% used [0x00000000a0000000,0x00000000a44b0dc0,0x00000000a9e80000)
 Metaspace       used 76473K, capacity 80288K, committed 80384K, reserved 1118208K
  class space    used 9840K, capacity 10746K, committed 10752K, reserved 1048576K
}
Event: 564.700 GC heap before
{Heap before GC invocations=29 (full 3):
 PSYoungGen      total 243712K, used 223520K [0x00000000e0000000, 0x00000000f0c80000, 0x0000000100000000)
  eden space 212480K, 100% used [0x00000000e0000000,0x00000000ecf80000,0x00000000ecf80000)
  from space 31232K, 35% used [0x00000000ecf80000,0x00000000eda48090,0x00000000eee00000)
  to   space 29696K, 0% used [0x00000000eef80000,0x00000000eef80000,0x00000000f0c80000)
 ParOldGen       total 162304K, used 70339K [0x00000000a0000000, 0x00000000a9e80000, 0x00000000e0000000)
  object space 162304K, 43% used [0x00000000a0000000,0x00000000a44b0dc0,0x00000000a9e80000)
 Metaspace       used 76483K, capacity 80288K, committed 80384K, reserved 1118208K
  class space    used 9840K, capacity 10746K, committed 10752K, reserved 1048576K
Event: 564.720 GC heap after
Heap after GC invocations=29 (full 3):
 PSYoungGen      total 242176K, used 11664K [0x00000000e0000000, 0x00000000f0c80000, 0x0000000100000000)
  eden space 212480K, 0% used [0x00000000e0000000,0x00000000e0000000,0x00000000ecf80000)
  from space 29696K, 39% used [0x00000000eef80000,0x00000000efae40b0,0x00000000f0c80000)
  to   space 31232K, 0% used [0x00000000ecf80000,0x00000000ecf80000,0x00000000eee00000)
 ParOldGen       total 162304K, used 74563K [0x00000000a0000000, 0x00000000a9e80000, 0x00000000e0000000)
  object space 162304K, 45% used [0x00000000a0000000,0x00000000a48d0dc0,0x00000000a9e80000)
 Metaspace       used 76483K, capacity 80288K, committed 80384K, reserved 1118208K
  class space    used 9840K, capacity 10746K, committed 10752K, reserved 1048576K
}
Event: 565.171 GC heap before
{Heap before GC invocations=30 (full 3):
 PSYoungGen      total 242176K, used 224144K [0x00000000e0000000, 0x00000000f0c80000, 0x0000000100000000)
  eden space 212480K, 100% used [0x00000000e0000000,0x00000000ecf80000,0x00000000ecf80000)
  from space 29696K, 39% used [0x00000000eef80000,0x00000000efae40b0,0x00000000f0c80000)
  to   space 31232K, 0% used [0x00000000ecf80000,0x00000000ecf80000,0x00000000eee00000)
 ParOldGen       total 162304K, used 74563K [0x00000000a0000000, 0x00000000a9e80000, 0x00000000e0000000)
  object space 162304K, 45% used [0x00000000a0000000,0x00000000a48d0dc0,0x00000000a9e80000)
 Metaspace       used 76493K, capacity 80448K, committed 80768K, reserved 1120256K
  class space    used 9841K, capacity 10778K, committed 10880K, reserved 1048576K
Event: 565.184 GC heap after
Heap after GC invocations=30 (full 3):
 PSYoungGen      total 243712K, used 9568K [0x00000000e0000000, 0x00000000f0c80000, 0x0000000100000000)
  eden space 212480K, 0% used [0x00000000e0000000,0x00000000e0000000,0x00000000ecf80000)
  from space 31232K, 30% used [0x00000000ecf80000,0x00000000ed8d80c0,0x00000000eee00000)
  to   space 29696K, 0% used [0x00000000eef80000,0x00000000eef80000,0x00000000f0c80000)
 ParOldGen       total 162304K, used 78539K [0x00000000a0000000, 0x00000000a9e80000, 0x00000000e0000000)
  object space 162304K, 48% used [0x00000000a0000000,0x00000000a4cb2dc0,0x00000000a9e80000)
 Metaspace       used 76493K, capacity 80448K, committed 80768K, reserved 1120256K
  class space    used 9841K, capacity 10778K, committed 10880K, reserved 1048576K
}
Event: 565.642 GC heap before
{Heap before GC invocations=31 (full 3):
 PSYoungGen      total 243712K, used 222048K [0x00000000e0000000, 0x00000000f0c80000, 0x0000000100000000)
  eden space 212480K, 100% used [0x00000000e0000000,0x00000000ecf80000,0x00000000ecf80000)
  from space 31232K, 30% used [0x00000000ecf80000,0x00000000ed8d80c0,0x00000000eee00000)
  to   space 29696K, 0% used [0x00000000eef80000,0x00000000eef80000,0x00000000f0c80000)
 ParOldGen       total 162304K, used 78539K [0x00000000a0000000, 0x00000000a9e80000, 0x00000000e0000000)
  object space 162304K, 48% used [0x00000000a0000000,0x00000000a4cb2dc0,0x00000000a9e80000)
 Metaspace       used 76500K, capacity 80448K, committed 80768K, reserved 1120256K
  class space    used 9841K, capacity 10778K, committed 10880K, reserved 1048576K
Event: 565.660 GC heap after
Heap after GC invocations=31 (full 3):
 PSYoungGen      total 242176K, used 6640K [0x00000000e0000000, 0x00000000f0c80000, 0x0000000100000000)
  eden space 212480K, 0% used [0x00000000e0000000,0x00000000e0000000,0x00000000ecf80000)
  from space 29696K, 22% used [0x00000000eef80000,0x00000000ef5fc0d0,0x00000000f0c80000)
  to   space 31232K, 0% used [0x00000000ecf80000,0x00000000ecf80000,0x00000000eee00000)
 ParOldGen       total 162304K, used 84179K [0x00000000a0000000, 0x00000000a9e80000, 0x00000000e0000000)
  object space 162304K, 51% used [0x00000000a0000000,0x00000000a5234df0,0x00000000a9e80000)
 Metaspace       used 76500K, capacity 80448K, committed 80768K, reserved 1120256K
  class space    used 9841K, capacity 10778K, committed 10880K, reserved 1048576K
}

