# JRE version: OpenJDK Runtime Environment (8.0_152-b01) (build 1.8.0_152-release-915-b01)
# Java VM: OpenJDK 64-Bit Server VM (25.152-b01 mixed mode windows-amd64 compressed oops)
Heap:
 PSYoungGen      total 186368K, used 3205K [0x00000000e0000000, 0x00000000ed080000, 0x0000000100000000)
  eden space 162816K, 1% used [0x00000000e0000000,0x00000000e03216a8,0x00000000e9f00000)
  from space 23552K, 0% used [0x00000000eb700000,0x00000000eb700000,0x00000000ece00000)
  to   space 24576K, 0% used [0x00000000e9f00000,0x00000000e9f00000,0x00000000eb700000)
 ParOldGen       total 153088K, used 47374K [0x00000000a0000000, 0x00000000a9580000, 0x00000000e0000000)
  object space 153088K, 30% used [0x00000000a0000000,0x00000000a2e438b0,0x00000000a9580000)
 Metaspace       used 56578K, capacity 58958K, committed 59224K, reserved 1099776K
  class space    used 7729K, capacity 8299K, committed 8320K, reserved 1048576K
GC Heap History (10 events):
Event: 17.330 GC heap before
{Heap before GC invocations=13 (full 2):
 PSYoungGen      total 108032K, used 103247K [0x00000000e0000000, 0x00000000e7580000, 0x0000000100000000)
  eden space 96256K, 100% used [0x00000000e0000000,0x00000000e5e00000,0x00000000e5e00000)
  from space 11776K, 59% used [0x00000000e6980000,0x00000000e7053d10,0x00000000e7500000)
  to   space 11776K, 0% used [0x00000000e5e00000,0x00000000e5e00000,0x00000000e6980000)
 ParOldGen       total 91136K, used 16212K [0x00000000a0000000, 0x00000000a5900000, 0x00000000e0000000)
  object space 91136K, 17% used [0x00000000a0000000,0x00000000a0fd52e8,0x00000000a5900000)
 Metaspace       used 46978K, capacity 48076K, committed 48216K, reserved 1091584K
  class space    used 6296K, capacity 6702K, committed 6784K, reserved 1048576K
Event: 17.342 GC heap after
Heap after GC invocations=13 (full 2):
 PSYoungGen      total 108032K, used 11767K [0x00000000e0000000, 0x00000000e9380000, 0x0000000100000000)
  eden space 96256K, 0% used [0x00000000e0000000,0x00000000e0000000,0x00000000e5e00000)
  from space 11776K, 99% used [0x00000000e5e00000,0x00000000e697ddd0,0x00000000e6980000)
  to   space 13312K, 0% used [0x00000000e8680000,0x00000000e8680000,0x00000000e9380000)
 ParOldGen       total 91136K, used 17566K [0x00000000a0000000, 0x00000000a5900000, 0x00000000e0000000)
  object space 91136K, 19% used [0x00000000a0000000,0x00000000a1127a00,0x00000000a5900000)
 Metaspace       used 46978K, capacity 48076K, committed 48216K, reserved 1091584K
  class space    used 6296K, capacity 6702K, committed 6784K, reserved 1048576K
}
Event: 19.508 GC heap before
{Heap before GC invocations=14 (full 2):
 PSYoungGen      total 108032K, used 108023K [0x00000000e0000000, 0x00000000e9380000, 0x0000000100000000)
  eden space 96256K, 100% used [0x00000000e0000000,0x00000000e5e00000,0x00000000e5e00000)
  from space 11776K, 99% used [0x00000000e5e00000,0x00000000e697ddd0,0x00000000e6980000)
  to   space 13312K, 0% used [0x00000000e8680000,0x00000000e8680000,0x00000000e9380000)
 ParOldGen       total 91136K, used 17566K [0x00000000a0000000, 0x00000000a5900000, 0x00000000e0000000)
  object space 91136K, 19% used [0x00000000a0000000,0x00000000a1127a00,0x00000000a5900000)
 Metaspace       used 53078K, capacity 54776K, committed 54872K, reserved 1095680K
  class space    used 7243K, capacity 7734K, committed 7808K, reserved 1048576K
Event: 19.524 GC heap after
Heap after GC invocations=14 (full 2):
 PSYoungGen      total 134144K, used 13294K [0x00000000e0000000, 0x00000000e9b00000, 0x0000000100000000)
  eden space 120832K, 0% used [0x00000000e0000000,0x00000000e0000000,0x00000000e7600000)
  from space 13312K, 99% used [0x00000000e8680000,0x00000000e937bbc8,0x00000000e9380000)
  to   space 16896K, 0% used [0x00000000e7600000,0x00000000e7600000,0x00000000e8680000)
 ParOldGen       total 91136K, used 23124K [0x00000000a0000000, 0x00000000a5900000, 0x00000000e0000000)
  object space 91136K, 25% used [0x00000000a0000000,0x00000000a16950a0,0x00000000a5900000)
 Metaspace       used 53078K, capacity 54776K, committed 54872K, reserved 1095680K
  class space    used 7243K, capacity 7734K, committed 7808K, reserved 1048576K
}
Event: 20.736 GC heap before
{Heap before GC invocations=15 (full 2):
 PSYoungGen      total 134144K, used 134126K [0x00000000e0000000, 0x00000000e9b00000, 0x0000000100000000)
  eden space 120832K, 100% used [0x00000000e0000000,0x00000000e7600000,0x00000000e7600000)
  from space 13312K, 99% used [0x00000000e8680000,0x00000000e937bbc8,0x00000000e9380000)
  to   space 16896K, 0% used [0x00000000e7600000,0x00000000e7600000,0x00000000e8680000)
 ParOldGen       total 91136K, used 23124K [0x00000000a0000000, 0x00000000a5900000, 0x00000000e0000000)
  object space 91136K, 25% used [0x00000000a0000000,0x00000000a16950a0,0x00000000a5900000)
 Metaspace       used 54724K, capacity 56738K, committed 56920K, reserved 1097728K
  class space    used 7519K, capacity 8042K, committed 8064K, reserved 1048576K
Event: 20.760 GC heap after
Heap after GC invocations=15 (full 2):
 PSYoungGen      total 137728K, used 16870K [0x00000000e0000000, 0x00000000ece00000, 0x0000000100000000)
  eden space 120832K, 0% used [0x00000000e0000000,0x00000000e0000000,0x00000000e7600000)
  from space 16896K, 99% used [0x00000000e7600000,0x00000000e8679ba8,0x00000000e8680000)
  to   space 23552K, 0% used [0x00000000eb700000,0x00000000eb700000,0x00000000ece00000)
 ParOldGen       total 91136K, used 35118K [0x00000000a0000000, 0x00000000a5900000, 0x00000000e0000000)
  object space 91136K, 38% used [0x00000000a0000000,0x00000000a224bb20,0x00000000a5900000)
 Metaspace       used 54724K, capacity 56738K, committed 56920K, reserved 1097728K
  class space    used 7519K, capacity 8042K, committed 8064K, reserved 1048576K
}
Event: 25.975 GC heap before
{Heap before GC invocations=16 (full 2):
 PSYoungGen      total 137728K, used 62377K [0x00000000e0000000, 0x00000000ece00000, 0x0000000100000000)
  eden space 120832K, 37% used [0x00000000e0000000,0x00000000e2c70c28,0x00000000e7600000)
  from space 16896K, 99% used [0x00000000e7600000,0x00000000e8679ba8,0x00000000e8680000)
  to   space 23552K, 0% used [0x00000000eb700000,0x00000000eb700000,0x00000000ece00000)
 ParOldGen       total 91136K, used 35118K [0x00000000a0000000, 0x00000000a5900000, 0x00000000e0000000)
  object space 91136K, 38% used [0x00000000a0000000,0x00000000a224bb20,0x00000000a5900000)
 Metaspace       used 56534K, capacity 58894K, committed 58968K, reserved 1099776K
  class space    used 7717K, capacity 8299K, committed 8320K, reserved 1048576K
Event: 26.035 GC heap after
Heap after GC invocations=16 (full 2):
 PSYoungGen      total 186368K, used 15651K [0x00000000e0000000, 0x00000000ed080000, 0x0000000100000000)
  eden space 162816K, 0% used [0x00000000e0000000,0x00000000e0000000,0x00000000e9f00000)
  from space 23552K, 66% used [0x00000000eb700000,0x00000000ec648e78,0x00000000ece00000)
  to   space 24576K, 0% used [0x00000000e9f00000,0x00000000e9f00000,0x00000000eb700000)
 ParOldGen       total 91136K, used 39777K [0x00000000a0000000, 0x00000000a5900000, 0x00000000e0000000)
  object space 91136K, 43% used [0x00000000a0000000,0x00000000a26d8520,0x00000000a5900000)
 Metaspace       used 56534K, capacity 58894K, committed 58968K, reserved 1099776K
  class space    used 7717K, capacity 8299K, committed 8320K, reserved 1048576K
}
Event: 26.035 GC heap before
{Heap before GC invocations=17 (full 3):
 PSYoungGen      total 186368K, used 15651K [0x00000000e0000000, 0x00000000ed080000, 0x0000000100000000)
  eden space 162816K, 0% used [0x00000000e0000000,0x00000000e0000000,0x00000000e9f00000)
  from space 23552K, 66% used [0x00000000eb700000,0x00000000ec648e78,0x00000000ece00000)
  to   space 24576K, 0% used [0x00000000e9f00000,0x00000000e9f00000,0x00000000eb700000)
 ParOldGen       total 91136K, used 39777K [0x00000000a0000000, 0x00000000a5900000, 0x00000000e0000000)
  object space 91136K, 43% used [0x00000000a0000000,0x00000000a26d8520,0x00000000a5900000)
 Metaspace       used 56534K, capacity 58894K, committed 58968K, reserved 1099776K
  class space    used 7717K, capacity 8299K, committed 8320K, reserved 1048576K
Event: 26.434 GC heap after
Heap after GC invocations=17 (full 3):
 PSYoungGen      total 186368K, used 0K [0x00000000e0000000, 0x00000000ed080000, 0x0000000100000000)
  eden space 162816K, 0% used [0x00000000e0000000,0x00000000e0000000,0x00000000e9f00000)
  from space 23552K, 0% used [0x00000000eb700000,0x00000000eb700000,0x00000000ece00000)
  to   space 24576K, 0% used [0x00000000e9f00000,0x00000000e9f00000,0x00000000eb700000)
 ParOldGen       total 153088K, used 47374K [0x00000000a0000000, 0x00000000a9580000, 0x00000000e0000000)
  object space 153088K, 30% used [0x00000000a0000000,0x00000000a2e438b0,0x00000000a9580000)
 Metaspace       used 56534K, capacity 58894K, committed 58968K, reserved 1099776K
  class space    used 7717K, capacity 8299K, committed 8320K, reserved 1048576K
}

