# JRE version: OpenJDK Runtime Environment (8.0_152-b01) (build 1.8.0_152-release-915-b01)
# Java VM: OpenJDK 64-Bit Server VM (25.152-b01 mixed mode windows-amd64 compressed oops)
Heap:
 PSYoungGen      total 272896K, used 254025K [0x00000000e0000000, 0x00000000f2900000, 0x0000000100000000)
  eden space 252416K, 93% used [0x00000000e0000000,0x00000000ee7864e0,0x00000000ef680000)
  from space 20480K, 82% used [0x00000000ef680000,0x00000000f070c128,0x00000000f0a80000)
  to   space 20480K, 0% used [0x00000000f0a80000,0x00000000f0a80000,0x00000000f1e80000)
 ParOldGen       total 149504K, used 33208K [0x00000000a0000000, 0x00000000a9200000, 0x00000000e0000000)
  object space 149504K, 22% used [0x00000000a0000000,0x00000000a206e3b0,0x00000000a9200000)
 Metaspace       used 59948K, capacity 62044K, committed 62168K, reserved 1103872K
  class space    used 7904K, capacity 8411K, committed 8448K, reserved 1048576K
GC Heap History (10 events):
Event: 43.722 GC heap before
{Heap before GC invocations=14 (full 3):
 PSYoungGen      total 187904K, used 19303K [0x00000000e0000000, 0x00000000eed00000, 0x0000000100000000)
  eden space 167936K, 0% used [0x00000000e0000000,0x00000000e0000000,0x00000000ea400000)
  from space 19968K, 96% used [0x00000000ea400000,0x00000000eb6d9ce0,0x00000000eb780000)
  to   space 22528K, 0% used [0x00000000ed700000,0x00000000ed700000,0x00000000eed00000)
 ParOldGen       total 99328K, used 25509K [0x00000000a0000000, 0x00000000a6100000, 0x00000000e0000000)
  object space 99328K, 25% used [0x00000000a0000000,0x00000000a18e96e0,0x00000000a6100000)
 Metaspace       used 56733K, capacity 58830K, committed 58968K, reserved 1099776K
  class space    used 7692K, capacity 8196K, committed 8320K, reserved 1048576K
Event: 43.883 GC heap after
Heap after GC invocations=14 (full 3):
 PSYoungGen      total 187904K, used 0K [0x00000000e0000000, 0x00000000eed00000, 0x0000000100000000)
  eden space 167936K, 0% used [0x00000000e0000000,0x00000000e0000000,0x00000000ea400000)
  from space 19968K, 0% used [0x00000000ea400000,0x00000000ea400000,0x00000000eb780000)
  to   space 22528K, 0% used [0x00000000ed700000,0x00000000ed700000,0x00000000eed00000)
 ParOldGen       total 149504K, used 33176K [0x00000000a0000000, 0x00000000a9200000, 0x00000000e0000000)
  object space 149504K, 22% used [0x00000000a0000000,0x00000000a20663b0,0x00000000a9200000)
 Metaspace       used 56717K, capacity 58790K, committed 58968K, reserved 1099776K
  class space    used 7686K, capacity 8186K, committed 8320K, reserved 1048576K
}
Event: 44.859 GC heap before
{Heap before GC invocations=15 (full 3):
 PSYoungGen      total 187904K, used 167936K [0x00000000e0000000, 0x00000000eed00000, 0x0000000100000000)
  eden space 167936K, 100% used [0x00000000e0000000,0x00000000ea400000,0x00000000ea400000)
  from space 19968K, 0% used [0x00000000ea400000,0x00000000ea400000,0x00000000eb780000)
  to   space 22528K, 0% used [0x00000000ed700000,0x00000000ed700000,0x00000000eed00000)
 ParOldGen       total 149504K, used 33176K [0x00000000a0000000, 0x00000000a9200000, 0x00000000e0000000)
  object space 149504K, 22% used [0x00000000a0000000,0x00000000a20663b0,0x00000000a9200000)
 Metaspace       used 59658K, capacity 61706K, committed 61912K, reserved 1103872K
  class space    used 7903K, capacity 8410K, committed 8448K, reserved 1048576K
Event: 44.868 GC heap after
Heap after GC invocations=15 (full 3):
 PSYoungGen      total 221184K, used 9349K [0x00000000e0000000, 0x00000000ef200000, 0x0000000100000000)
  eden space 198656K, 0% used [0x00000000e0000000,0x00000000e0000000,0x00000000ec200000)
  from space 22528K, 41% used [0x00000000ed700000,0x00000000ee021790,0x00000000eed00000)
  to   space 21504K, 0% used [0x00000000ec200000,0x00000000ec200000,0x00000000ed700000)
 ParOldGen       total 149504K, used 33184K [0x00000000a0000000, 0x00000000a9200000, 0x00000000e0000000)
  object space 149504K, 22% used [0x00000000a0000000,0x00000000a20683b0,0x00000000a9200000)
 Metaspace       used 59658K, capacity 61706K, committed 61912K, reserved 1103872K
  class space    used 7903K, capacity 8410K, committed 8448K, reserved 1048576K
}
Event: 45.403 GC heap before
{Heap before GC invocations=16 (full 3):
 PSYoungGen      total 221184K, used 208005K [0x00000000e0000000, 0x00000000ef200000, 0x0000000100000000)
  eden space 198656K, 100% used [0x00000000e0000000,0x00000000ec200000,0x00000000ec200000)
  from space 22528K, 41% used [0x00000000ed700000,0x00000000ee021790,0x00000000eed00000)
  to   space 21504K, 0% used [0x00000000ec200000,0x00000000ec200000,0x00000000ed700000)
 ParOldGen       total 149504K, used 33184K [0x00000000a0000000, 0x00000000a9200000, 0x00000000e0000000)
  object space 149504K, 22% used [0x00000000a0000000,0x00000000a20683b0,0x00000000a9200000)
 Metaspace       used 59830K, capacity 61898K, committed 62168K, reserved 1103872K
  class space    used 7904K, capacity 8410K, committed 8448K, reserved 1048576K
Event: 45.413 GC heap after
Heap after GC invocations=16 (full 3):
 PSYoungGen      total 220160K, used 10240K [0x00000000e0000000, 0x00000000f1e80000, 0x0000000100000000)
  eden space 198656K, 0% used [0x00000000e0000000,0x00000000e0000000,0x00000000ec200000)
  from space 21504K, 47% used [0x00000000ec200000,0x00000000ecc00138,0x00000000ed700000)
  to   space 20480K, 0% used [0x00000000f0a80000,0x00000000f0a80000,0x00000000f1e80000)
 ParOldGen       total 149504K, used 33192K [0x00000000a0000000, 0x00000000a9200000, 0x00000000e0000000)
  object space 149504K, 22% used [0x00000000a0000000,0x00000000a206a3b0,0x00000000a9200000)
 Metaspace       used 59830K, capacity 61898K, committed 62168K, reserved 1103872K
  class space    used 7904K, capacity 8410K, committed 8448K, reserved 1048576K
}
Event: 45.884 GC heap before
{Heap before GC invocations=17 (full 3):
 PSYoungGen      total 220160K, used 208896K [0x00000000e0000000, 0x00000000f1e80000, 0x0000000100000000)
  eden space 198656K, 100% used [0x00000000e0000000,0x00000000ec200000,0x00000000ec200000)
  from space 21504K, 47% used [0x00000000ec200000,0x00000000ecc00138,0x00000000ed700000)
  to   space 20480K, 0% used [0x00000000f0a80000,0x00000000f0a80000,0x00000000f1e80000)
 ParOldGen       total 149504K, used 33192K [0x00000000a0000000, 0x00000000a9200000, 0x00000000e0000000)
  object space 149504K, 22% used [0x00000000a0000000,0x00000000a206a3b0,0x00000000a9200000)
 Metaspace       used 59907K, capacity 62034K, committed 62168K, reserved 1103872K
  class space    used 7904K, capacity 8410K, committed 8448K, reserved 1048576K
Event: 45.896 GC heap after
Heap after GC invocations=17 (full 3):
 PSYoungGen      total 272896K, used 13056K [0x00000000e0000000, 0x00000000f2900000, 0x0000000100000000)
  eden space 252416K, 0% used [0x00000000e0000000,0x00000000e0000000,0x00000000ef680000)
  from space 20480K, 63% used [0x00000000f0a80000,0x00000000f1740158,0x00000000f1e80000)
  to   space 20480K, 0% used [0x00000000ef680000,0x00000000ef680000,0x00000000f0a80000)
 ParOldGen       total 149504K, used 33200K [0x00000000a0000000, 0x00000000a9200000, 0x00000000e0000000)
  object space 149504K, 22% used [0x00000000a0000000,0x00000000a206c3b0,0x00000000a9200000)
 Metaspace       used 59907K, capacity 62034K, committed 62168K, reserved 1103872K
  class space    used 7904K, capacity 8410K, committed 8448K, reserved 1048576K
}
Event: 46.526 GC heap before
{Heap before GC invocations=18 (full 3):
 PSYoungGen      total 272896K, used 265472K [0x00000000e0000000, 0x00000000f2900000, 0x0000000100000000)
  eden space 252416K, 100% used [0x00000000e0000000,0x00000000ef680000,0x00000000ef680000)
  from space 20480K, 63% used [0x00000000f0a80000,0x00000000f1740158,0x00000000f1e80000)
  to   space 20480K, 0% used [0x00000000ef680000,0x00000000ef680000,0x00000000f0a80000)
 ParOldGen       total 149504K, used 33200K [0x00000000a0000000, 0x00000000a9200000, 0x00000000e0000000)
  object space 149504K, 22% used [0x00000000a0000000,0x00000000a206c3b0,0x00000000a9200000)
 Metaspace       used 59928K, capacity 62034K, committed 62168K, reserved 1103872K
  class space    used 7904K, capacity 8410K, committed 8448K, reserved 1048576K
Event: 46.548 GC heap after
Heap after GC invocations=18 (full 3):
 PSYoungGen      total 272896K, used 16944K [0x00000000e0000000, 0x00000000f2900000, 0x0000000100000000)
  eden space 252416K, 0% used [0x00000000e0000000,0x00000000e0000000,0x00000000ef680000)
  from space 20480K, 82% used [0x00000000ef680000,0x00000000f070c128,0x00000000f0a80000)
  to   space 20480K, 0% used [0x00000000f0a80000,0x00000000f0a80000,0x00000000f1e80000)
 ParOldGen       total 149504K, used 33208K [0x00000000a0000000, 0x00000000a9200000, 0x00000000e0000000)
  object space 149504K, 22% used [0x00000000a0000000,0x00000000a206e3b0,0x00000000a9200000)
 Metaspace       used 59928K, capacity 62034K, committed 62168K, reserved 1103872K
  class space    used 7904K, capacity 8410K, committed 8448K, reserved 1048576K
}

